<?xml version="1.0" encoding="UTF-8"?>
<testsuites name="CogmentoCompany" time="71.828" tests="4" failures="0" errors="0">
   <testsuite name="CogmentoCompany" tests="4" failures="0" errors="0" time="71.828" skipped="0" timestamp="24-01-2024T11:49:15" hostname="Vignesh - QZ-LT-R-CP-172" id="Test Suites/CogmentoCompany">
      <properties>
         <property name="deviceName" value=""/>
         <property name="devicePlatform" value=""/>
         <property name="logFolder" value="C:\\Users\\Vignesh\\git\\katalontest\\Reports\\20240124_114857\\CogmentoCompany\\20240124_114857"/>
         <property name="logFiles" value="C:\\Users\\Vignesh\\git\\katalontest\\Reports\\20240124_114857\\CogmentoCompany\\20240124_114857\\execution0.log"/>
         <property name="attachments" value=""/>
         <property name="hostName" value="Vignesh - QZ-LT-R-CP-172"/>
         <property name="os" value="Windows 11 64bit"/>
         <property name="katalonVersion" value="9.2.0.212"/>
         <property name="browser" value="Chrome 120.0.0.0"/>
         <property name="hostAddress" value="192.168.31.86"/>
         <property name="sessionId" value="e92b9dfe06102862a5ac0061b26ea444"/>
         <property name="seleniumVersion" value="3.141.59"/>
         <property name="proxyInformation" value="ProxyInformation { proxyOption=NO_PROXY, proxyServerType=HTTP, username=, password=********, proxyServerAddress=, proxyServerPort=0, executionList=&quot;&quot;, isApplyToDesiredCapabilities=true }"/>
         <property name="platform" value="Windows 11"/>
      </properties>
      <testcase name="Test Cases/Company/company_exceeding_length" time="22.122" classname="Test Cases/Company/company_exceeding_length" status="PASSED">
         <system-out><![CDATA[24-01-2024T11:49:15 - [TEST_CASE][PASSED] - Test Cases/Company/company_exceeding_length: Test Cases/Company/company_exceeding_length

24-01-2024T11:49:15 - [TEST_STEP][PASSED] - callTestCase(findTestCase("Login/cogmento_login"), [:], STOP_ON_FAILURE): Call Test Case 'Test Cases/Login/cogmento_login' successfully

24-01-2024T11:49:16 - [TEST_CASE][PASSED] - Test Cases/Login/cogmento_login: Test Cases/Login/cogmento_login

24-01-2024T11:49:16 - [TEST_STEP][PASSED] - openBrowser(""): Browser is opened with url: ''

24-01-2024T11:49:16 - [MESSAGE][INFO] - Starting 'Chrome' driver

24-01-2024T11:49:16 - [MESSAGE][INFO] - Action delay is set to 0 milliseconds

24-01-2024T11:49:19 - [MESSAGE][PASSED] - Browser is opened with url: ''

24-01-2024T11:49:19 - [TEST_STEP][PASSED] - navigateToUrl("https://ui.cogmento.com/"): Navigate to 'https://ui.cogmento.com/' successfully

24-01-2024T11:49:22 - [MESSAGE][PASSED] - Navigate to 'https://ui.cogmento.com/' successfully

24-01-2024T11:49:22 - [TEST_STEP][PASSED] - setText(findTestObject("Page_Cogmento CRM/input_email"), "navyanalli9@gmail.com"): Text 'navyanalli9@gmail.com' is set on object 'Object Repository/Page_Cogmento CRM/input_email'

24-01-2024T11:49:23 - [MESSAGE][PASSED] - Text 'navyanalli9@gmail.com' is set on object 'Object Repository/Page_Cogmento CRM/input_email'

24-01-2024T11:49:23 - [TEST_STEP][PASSED] - setEncryptedText(findTestObject("Page_Cogmento CRM/input_password"), "0BlOmQhNRDkag8WfLKowCA=="): Text ****** has been set on object 'Object Repository/Page_Cogmento CRM/input_password'

24-01-2024T11:49:23 - [MESSAGE][PASSED] - Text ****** has been set on object 'Object Repository/Page_Cogmento CRM/input_password'

24-01-2024T11:49:23 - [TEST_STEP][PASSED] - click(findTestObject("Object Repository/Page_Cogmento CRM/div_Login")): Object: 'Object Repository/Page_Cogmento CRM/div_Login' is clicked on

24-01-2024T11:49:24 - [MESSAGE][PASSED] - Object: 'Object Repository/Page_Cogmento CRM/div_Login' is clicked on

24-01-2024T11:49:24 - [MESSAGE][PASSED] - Call Test Case 'Test Cases/Login/cogmento_login' successfully

24-01-2024T11:49:24 - [TEST_STEP][PASSED] - click(findTestObject("Page_Cogmento CRM/span_Companies")): Object: 'Object Repository/Page_Cogmento CRM/span_Companies' is clicked on

24-01-2024T11:49:28 - [MESSAGE][PASSED] - Object: 'Object Repository/Page_Cogmento CRM/span_Companies' is clicked on

24-01-2024T11:49:28 - [TEST_STEP][PASSED] - click(findTestObject("Page_Cogmento CRM/button_Create")): Object: 'Object Repository/Page_Cogmento CRM/button_Create' is clicked on

24-01-2024T11:49:29 - [MESSAGE][PASSED] - Object: 'Object Repository/Page_Cogmento CRM/button_Create' is clicked on

24-01-2024T11:49:29 - [TEST_STEP][PASSED] - name = RandomStringUtils.randomAlphabetic(251): null

24-01-2024T11:49:29 - [TEST_STEP][PASSED] - setText(findTestObject("Page_Cogmento CRM/input_name"), name): Text 'LjXtKLUrkGzhJTPxbmVotCgrLKRUNtZJOgXjcAysMOKvAsIySVIaZRcOvYZapyKfFXoPKhrLpCbulGqdDThrSitzWtVRESCBunbXbjXSedhVasskkWBQVeLnSifWFnPvbMVefdXuHccnyfqLjFzdMdsYuzTNdBVLUVRJeGXUjLhRalkwnaUXPWAFaZAweIgaKBfLVgDbqZmYYNntOIGJrajbmNqskxNLHQrDgryeTuYKxITEFcjEcIEWSQQ' is set on object 'Object Repository/Page_Cogmento CRM/input_name'

24-01-2024T11:49:35 - [MESSAGE][PASSED] - Text 'LjXtKLUrkGzhJTPxbmVotCgrLKRUNtZJOgXjcAysMOKvAsIySVIaZRcOvYZapyKfFXoPKhrLpCbulGqdDThrSitzWtVRESCBunbXbjXSedhVasskkWBQVeLnSifWFnPvbMVefdXuHccnyfqLjFzdMdsYuzTNdBVLUVRJeGXUjLhRalkwnaUXPWAFaZAweIgaKBfLVgDbqZmYYNntOIGJrajbmNqskxNLHQrDgryeTuYKxITEFcjEcIEWSQQ' is set on object 'Object Repository/Page_Cogmento CRM/input_name'

24-01-2024T11:49:35 - [TEST_STEP][PASSED] - click(findTestObject("Page_Cogmento CRM/button_Save")): Object: 'Object Repository/Page_Cogmento CRM/button_Save' is clicked on

24-01-2024T11:49:35 - [MESSAGE][PASSED] - Object: 'Object Repository/Page_Cogmento CRM/button_Save' is clicked on

24-01-2024T11:49:35 - [TEST_STEP][PASSED] - verifyElementText(findTestObject("Object Repository/Page_Cogmento CRM/p_Validation error Name is longer than 250 _51c07f"), "Validation error: Name is longer than 250 characters"): Actual text and expected text of test object 'Object Repository/Page_Cogmento CRM/p_Validation error Name is longer than 250 _51c07f' are matched.

24-01-2024T11:49:37 - [MESSAGE][PASSED] - Actual text and expected text of test object 'Object Repository/Page_Cogmento CRM/p_Validation error Name is longer than 250 _51c07f' are matched.

24-01-2024T11:49:37 - [TEST_STEP][PASSED] - closeBrowser(): Browser is closed

24-01-2024T11:49:37 - [MESSAGE][PASSED] - Browser is closed]]></system-out>
         <system-err><![CDATA[]]></system-err>
      </testcase>
      <testcase name="Test Cases/Company/company_with_max_length" time="20.008" classname="Test Cases/Company/company_with_max_length" status="PASSED">
         <system-out><![CDATA[24-01-2024T11:49:37 - [TEST_CASE][PASSED] - Test Cases/Company/company_with_max_length: Test Cases/Company/company_with_max_length

24-01-2024T11:49:37 - [TEST_STEP][PASSED] - callTestCase(findTestCase("Login/cogmento_login"), [:], STOP_ON_FAILURE): Call Test Case 'Test Cases/Login/cogmento_login' successfully

24-01-2024T11:49:37 - [TEST_CASE][PASSED] - Test Cases/Login/cogmento_login: Test Cases/Login/cogmento_login

24-01-2024T11:49:37 - [TEST_STEP][PASSED] - openBrowser(""): Browser is opened with url: ''

24-01-2024T11:49:37 - [MESSAGE][INFO] - Starting 'Chrome' driver

24-01-2024T11:49:37 - [MESSAGE][INFO] - Action delay is set to 0 milliseconds

24-01-2024T11:49:38 - [MESSAGE][PASSED] - Browser is opened with url: ''

24-01-2024T11:49:38 - [TEST_STEP][PASSED] - navigateToUrl("https://ui.cogmento.com/"): Navigate to 'https://ui.cogmento.com/' successfully

24-01-2024T11:49:42 - [MESSAGE][PASSED] - Navigate to 'https://ui.cogmento.com/' successfully

24-01-2024T11:49:42 - [TEST_STEP][PASSED] - setText(findTestObject("Page_Cogmento CRM/input_email"), "navyanalli9@gmail.com"): Text 'navyanalli9@gmail.com' is set on object 'Object Repository/Page_Cogmento CRM/input_email'

24-01-2024T11:49:43 - [MESSAGE][PASSED] - Text 'navyanalli9@gmail.com' is set on object 'Object Repository/Page_Cogmento CRM/input_email'

24-01-2024T11:49:43 - [TEST_STEP][PASSED] - setEncryptedText(findTestObject("Page_Cogmento CRM/input_password"), "0BlOmQhNRDkag8WfLKowCA=="): Text ****** has been set on object 'Object Repository/Page_Cogmento CRM/input_password'

24-01-2024T11:49:43 - [MESSAGE][PASSED] - Text ****** has been set on object 'Object Repository/Page_Cogmento CRM/input_password'

24-01-2024T11:49:43 - [TEST_STEP][PASSED] - click(findTestObject("Object Repository/Page_Cogmento CRM/div_Login")): Object: 'Object Repository/Page_Cogmento CRM/div_Login' is clicked on

24-01-2024T11:49:44 - [MESSAGE][PASSED] - Object: 'Object Repository/Page_Cogmento CRM/div_Login' is clicked on

24-01-2024T11:49:44 - [MESSAGE][PASSED] - Call Test Case 'Test Cases/Login/cogmento_login' successfully

24-01-2024T11:49:44 - [TEST_STEP][PASSED] - click(findTestObject("Page_Cogmento CRM/span_Companies")): Object: 'Object Repository/Page_Cogmento CRM/span_Companies' is clicked on

24-01-2024T11:49:48 - [MESSAGE][PASSED] - Object: 'Object Repository/Page_Cogmento CRM/span_Companies' is clicked on

24-01-2024T11:49:48 - [TEST_STEP][PASSED] - click(findTestObject("Page_Cogmento CRM/button_Create")): Object: 'Object Repository/Page_Cogmento CRM/button_Create' is clicked on

24-01-2024T11:49:49 - [MESSAGE][PASSED] - Object: 'Object Repository/Page_Cogmento CRM/button_Create' is clicked on

24-01-2024T11:49:49 - [TEST_STEP][PASSED] - name = RandomStringUtils.randomAlphabetic(250): null

24-01-2024T11:49:49 - [TEST_STEP][PASSED] - setText(findTestObject("Object Repository/Page_Cogmento CRM/input_name"), name): Text 'xrDcslRvXuZcvaIlUWDXViqFAfCNJAglojVPQvTHkTaFXqzwRyCsXczYNYFqPfGzEMQxJoKLDJWUYpCwQtmDGMUhvWaloIOUXpzllNBFiUDhOhzldSxuixQnUOawDRFAkkEhcIQCGiAVrykVoImEZuOYMHzwqXFBJLvtDsbelufAYfGrWvuBtSqtHJaRiOCAIhhvKErTjSYtpcRdBqbqUjtuhuMoTQCgiwCPpLNihrMcVyMekPCKaPoMez' is set on object 'Object Repository/Page_Cogmento CRM/input_name'

24-01-2024T11:49:55 - [MESSAGE][PASSED] - Text 'xrDcslRvXuZcvaIlUWDXViqFAfCNJAglojVPQvTHkTaFXqzwRyCsXczYNYFqPfGzEMQxJoKLDJWUYpCwQtmDGMUhvWaloIOUXpzllNBFiUDhOhzldSxuixQnUOawDRFAkkEhcIQCGiAVrykVoImEZuOYMHzwqXFBJLvtDsbelufAYfGrWvuBtSqtHJaRiOCAIhhvKErTjSYtpcRdBqbqUjtuhuMoTQCgiwCPpLNihrMcVyMekPCKaPoMez' is set on object 'Object Repository/Page_Cogmento CRM/input_name'

24-01-2024T11:49:55 - [TEST_STEP][PASSED] - click(findTestObject("Page_Cogmento CRM/button_Save")): Object: 'Object Repository/Page_Cogmento CRM/button_Save' is clicked on

24-01-2024T11:49:55 - [MESSAGE][PASSED] - Object: 'Object Repository/Page_Cogmento CRM/button_Save' is clicked on

24-01-2024T11:49:55 - [TEST_STEP][PASSED] - click(findTestObject("Page_Cogmento CRM/span_Companies")): Object: 'Object Repository/Page_Cogmento CRM/span_Companies' is clicked on

24-01-2024T11:49:56 - [MESSAGE][PASSED] - Object: 'Object Repository/Page_Cogmento CRM/span_Companies' is clicked on

24-01-2024T11:49:56 - [TEST_STEP][PASSED] - verifyElementText(findTestObject("Page_Cogmento CRM/record_verify"), name): Actual text and expected text of test object 'Object Repository/Page_Cogmento CRM/record_verify' are matched.

24-01-2024T11:49:57 - [MESSAGE][PASSED] - Actual text and expected text of test object 'Object Repository/Page_Cogmento CRM/record_verify' are matched.

24-01-2024T11:49:57 - [TEST_STEP][PASSED] - closeBrowser(): Browser is closed

24-01-2024T11:49:57 - [MESSAGE][PASSED] - Browser is closed]]></system-out>
         <system-err><![CDATA[]]></system-err>
      </testcase>
      <testcase name="Test Cases/Company/create_company" time="16.374" classname="Test Cases/Company/create_company" status="PASSED">
         <system-out><![CDATA[24-01-2024T11:49:57 - [TEST_CASE][PASSED] - Test Cases/Company/create_company: Test Cases/Company/create_company

24-01-2024T11:49:57 - [TEST_STEP][PASSED] - callTestCase(findTestCase("Login/cogmento_login"), [:], STOP_ON_FAILURE): Call Test Case 'Test Cases/Login/cogmento_login' successfully

24-01-2024T11:49:57 - [TEST_CASE][PASSED] - Test Cases/Login/cogmento_login: Test Cases/Login/cogmento_login

24-01-2024T11:49:57 - [TEST_STEP][PASSED] - openBrowser(""): Browser is opened with url: ''

24-01-2024T11:49:57 - [MESSAGE][INFO] - Starting 'Chrome' driver

24-01-2024T11:49:57 - [MESSAGE][INFO] - Action delay is set to 0 milliseconds

24-01-2024T11:49:58 - [MESSAGE][PASSED] - Browser is opened with url: ''

24-01-2024T11:49:58 - [TEST_STEP][PASSED] - navigateToUrl("https://ui.cogmento.com/"): Navigate to 'https://ui.cogmento.com/' successfully

24-01-2024T11:50:02 - [MESSAGE][PASSED] - Navigate to 'https://ui.cogmento.com/' successfully

24-01-2024T11:50:02 - [TEST_STEP][PASSED] - setText(findTestObject("Page_Cogmento CRM/input_email"), "navyanalli9@gmail.com"): Text 'navyanalli9@gmail.com' is set on object 'Object Repository/Page_Cogmento CRM/input_email'

24-01-2024T11:50:03 - [MESSAGE][PASSED] - Text 'navyanalli9@gmail.com' is set on object 'Object Repository/Page_Cogmento CRM/input_email'

24-01-2024T11:50:03 - [TEST_STEP][PASSED] - setEncryptedText(findTestObject("Page_Cogmento CRM/input_password"), "0BlOmQhNRDkag8WfLKowCA=="): Text ****** has been set on object 'Object Repository/Page_Cogmento CRM/input_password'

24-01-2024T11:50:03 - [MESSAGE][PASSED] - Text ****** has been set on object 'Object Repository/Page_Cogmento CRM/input_password'

24-01-2024T11:50:03 - [TEST_STEP][PASSED] - click(findTestObject("Object Repository/Page_Cogmento CRM/div_Login")): Object: 'Object Repository/Page_Cogmento CRM/div_Login' is clicked on

24-01-2024T11:50:04 - [MESSAGE][PASSED] - Object: 'Object Repository/Page_Cogmento CRM/div_Login' is clicked on

24-01-2024T11:50:04 - [MESSAGE][PASSED] - Call Test Case 'Test Cases/Login/cogmento_login' successfully

24-01-2024T11:50:04 - [TEST_STEP][PASSED] - click(findTestObject("Page_Cogmento CRM/span_Companies")): Object: 'Object Repository/Page_Cogmento CRM/span_Companies' is clicked on

24-01-2024T11:50:08 - [MESSAGE][PASSED] - Object: 'Object Repository/Page_Cogmento CRM/span_Companies' is clicked on

24-01-2024T11:50:08 - [TEST_STEP][PASSED] - click(findTestObject("Page_Cogmento CRM/button_Create")): Object: 'Object Repository/Page_Cogmento CRM/button_Create' is clicked on

24-01-2024T11:50:09 - [MESSAGE][PASSED] - Object: 'Object Repository/Page_Cogmento CRM/button_Create' is clicked on

24-01-2024T11:50:09 - [TEST_STEP][PASSED] - setText(findTestObject("Object Repository/Page_Cogmento CRM/input_name"), name): Text 'Mugiwara' is set on object 'Object Repository/Page_Cogmento CRM/input_name'

24-01-2024T11:50:10 - [MESSAGE][PASSED] - Text 'Mugiwara' is set on object 'Object Repository/Page_Cogmento CRM/input_name'

24-01-2024T11:50:10 - [TEST_STEP][PASSED] - click(findTestObject("Page_Cogmento CRM/button_Save")): Object: 'Object Repository/Page_Cogmento CRM/button_Save' is clicked on

24-01-2024T11:50:11 - [MESSAGE][PASSED] - Object: 'Object Repository/Page_Cogmento CRM/button_Save' is clicked on

24-01-2024T11:50:11 - [TEST_STEP][PASSED] - click(findTestObject("Page_Cogmento CRM/span_Companies")): Object: 'Object Repository/Page_Cogmento CRM/span_Companies' is clicked on

24-01-2024T11:50:12 - [MESSAGE][PASSED] - Object: 'Object Repository/Page_Cogmento CRM/span_Companies' is clicked on

24-01-2024T11:50:12 - [TEST_STEP][PASSED] - verifyElementText(findTestObject("Page_Cogmento CRM/record_verify"), name): Actual text and expected text of test object 'Object Repository/Page_Cogmento CRM/record_verify' are matched.

24-01-2024T11:50:13 - [MESSAGE][PASSED] - Actual text and expected text of test object 'Object Repository/Page_Cogmento CRM/record_verify' are matched.

24-01-2024T11:50:13 - [TEST_STEP][PASSED] - closeBrowser(): Browser is closed

24-01-2024T11:50:14 - [MESSAGE][PASSED] - Browser is closed]]></system-out>
         <system-err><![CDATA[]]></system-err>
      </testcase>
      <testcase name="Test Cases/Company/create_company_without_mandatory_fields" time="13.133" classname="Test Cases/Company/create_company_without_mandatory_fields" status="PASSED">
         <system-out><![CDATA[24-01-2024T11:50:14 - [TEST_CASE][PASSED] - Test Cases/Company/create_company_without_mandatory_fields: Test Cases/Company/create_company_without_mandatory_fields

24-01-2024T11:50:14 - [TEST_STEP][PASSED] - callTestCase(findTestCase("Login/cogmento_login"), [:], STOP_ON_FAILURE): Call Test Case 'Test Cases/Login/cogmento_login' successfully

24-01-2024T11:50:14 - [TEST_CASE][PASSED] - Test Cases/Login/cogmento_login: Test Cases/Login/cogmento_login

24-01-2024T11:50:14 - [TEST_STEP][PASSED] - openBrowser(""): Browser is opened with url: ''

24-01-2024T11:50:14 - [MESSAGE][INFO] - Starting 'Chrome' driver

24-01-2024T11:50:14 - [MESSAGE][INFO] - Action delay is set to 0 milliseconds

24-01-2024T11:50:15 - [MESSAGE][PASSED] - Browser is opened with url: ''

24-01-2024T11:50:15 - [TEST_STEP][PASSED] - navigateToUrl("https://ui.cogmento.com/"): Navigate to 'https://ui.cogmento.com/' successfully

24-01-2024T11:50:18 - [MESSAGE][PASSED] - Navigate to 'https://ui.cogmento.com/' successfully

24-01-2024T11:50:18 - [TEST_STEP][PASSED] - setText(findTestObject("Page_Cogmento CRM/input_email"), "navyanalli9@gmail.com"): Text 'navyanalli9@gmail.com' is set on object 'Object Repository/Page_Cogmento CRM/input_email'

24-01-2024T11:50:19 - [MESSAGE][PASSED] - Text 'navyanalli9@gmail.com' is set on object 'Object Repository/Page_Cogmento CRM/input_email'

24-01-2024T11:50:19 - [TEST_STEP][PASSED] - setEncryptedText(findTestObject("Page_Cogmento CRM/input_password"), "0BlOmQhNRDkag8WfLKowCA=="): Text ****** has been set on object 'Object Repository/Page_Cogmento CRM/input_password'

24-01-2024T11:50:19 - [MESSAGE][PASSED] - Text ****** has been set on object 'Object Repository/Page_Cogmento CRM/input_password'

24-01-2024T11:50:19 - [TEST_STEP][PASSED] - click(findTestObject("Object Repository/Page_Cogmento CRM/div_Login")): Object: 'Object Repository/Page_Cogmento CRM/div_Login' is clicked on

24-01-2024T11:50:20 - [MESSAGE][PASSED] - Object: 'Object Repository/Page_Cogmento CRM/div_Login' is clicked on

24-01-2024T11:50:20 - [MESSAGE][PASSED] - Call Test Case 'Test Cases/Login/cogmento_login' successfully

24-01-2024T11:50:20 - [TEST_STEP][PASSED] - click(findTestObject("Page_Cogmento CRM/span_Companies")): Object: 'Object Repository/Page_Cogmento CRM/span_Companies' is clicked on

24-01-2024T11:50:24 - [MESSAGE][PASSED] - Object: 'Object Repository/Page_Cogmento CRM/span_Companies' is clicked on

24-01-2024T11:50:24 - [TEST_STEP][PASSED] - click(findTestObject("Page_Cogmento CRM/button_Create")): Object: 'Object Repository/Page_Cogmento CRM/button_Create' is clicked on

24-01-2024T11:50:25 - [MESSAGE][PASSED] - Object: 'Object Repository/Page_Cogmento CRM/button_Create' is clicked on

24-01-2024T11:50:25 - [TEST_STEP][PASSED] - click(findTestObject("Page_Cogmento CRM/button_Save")): Object: 'Object Repository/Page_Cogmento CRM/button_Save' is clicked on

24-01-2024T11:50:26 - [MESSAGE][PASSED] - Object: 'Object Repository/Page_Cogmento CRM/button_Save' is clicked on

24-01-2024T11:50:26 - [TEST_STEP][PASSED] - verifyElementPresent(findTestObject("Object Repository/Page_Cogmento CRM/span_The field CompanyName is required"), 0): Object 'Object Repository/Page_Cogmento CRM/span_The field CompanyName is required' is present

24-01-2024T11:50:26 - [MESSAGE][WARNING] - Timeout '0' is invalid. Using default page load timeout: '30'

24-01-2024T11:50:26 - [MESSAGE][PASSED] - Object 'Object Repository/Page_Cogmento CRM/span_The field CompanyName is required' is present

24-01-2024T11:50:26 - [TEST_STEP][PASSED] - closeBrowser(): Browser is closed

24-01-2024T11:50:27 - [MESSAGE][PASSED] - Browser is closed]]></system-out>
         <system-err><![CDATA[]]></system-err>
      </testcase>
      <system-out><![CDATA[24-01-2024T11:49:15 - [TEST_SUITE][PASSED] - CogmentoCompany: Test Cases/Company/create_company_without_mandatory_fields]]></system-out>
      <system-err><![CDATA[]]></system-err>
   </testsuite>
</testsuites>
