<?xml version="1.0" encoding="UTF-8"?>
<testsuites name="CogmentoCompany" time="130.949" tests="4" failures="0" errors="0">
   <testsuite name="CogmentoCompany" tests="4" failures="0" errors="0" time="130.949" skipped="0" timestamp="23-01-2024T14:13:41" hostname="Vignesh - QZ-LT-R-CP-172" id="Test Suites/CogmentoCompany">
      <properties>
         <property name="deviceName" value=""/>
         <property name="devicePlatform" value=""/>
         <property name="logFolder" value="C:\\Users\\Vignesh\\git\\katalontest\\Reports\\20240123_141325\\CogmentoCompany\\20240123_141325"/>
         <property name="logFiles" value="C:\\Users\\Vignesh\\git\\katalontest\\Reports\\20240123_141325\\CogmentoCompany\\20240123_141325\\execution0.log"/>
         <property name="attachments" value=""/>
         <property name="hostName" value="Vignesh - QZ-LT-R-CP-172"/>
         <property name="os" value="Windows 11 64bit"/>
         <property name="katalonVersion" value="9.2.0.212"/>
         <property name="browser" value="Chrome 120.0.0.0"/>
         <property name="hostAddress" value="192.168.31.86"/>
         <property name="sessionId" value="daddfddf0adfcfeca64372e40bf1073e"/>
         <property name="seleniumVersion" value="3.141.59"/>
         <property name="proxyInformation" value="ProxyInformation { proxyOption=NO_PROXY, proxyServerType=HTTP, username=, password=********, proxyServerAddress=, proxyServerPort=0, executionList=&quot;&quot;, isApplyToDesiredCapabilities=true }"/>
         <property name="platform" value="Windows 11"/>
      </properties>
      <testcase name="Test Cases/Company/company_exceeding_length" time="22.279" classname="Test Cases/Company/company_exceeding_length" status="PASSED">
         <system-out><![CDATA[23-01-2024T14:13:41 - [TEST_CASE][PASSED] - Test Cases/Company/company_exceeding_length: Test Cases/Company/company_exceeding_length

23-01-2024T14:13:41 - [TEST_STEP][PASSED] - callTestCase(findTestCase("Login/cogmento_login"), [:], STOP_ON_FAILURE): Call Test Case 'Test Cases/Login/cogmento_login' successfully

23-01-2024T14:13:41 - [TEST_CASE][PASSED] - Test Cases/Login/cogmento_login: Test Cases/Login/cogmento_login

23-01-2024T14:13:41 - [TEST_STEP][PASSED] - openBrowser(""): Browser is opened with url: ''

23-01-2024T14:13:42 - [MESSAGE][INFO] - Starting 'Chrome' driver

23-01-2024T14:13:42 - [MESSAGE][INFO] - Action delay is set to 0 milliseconds

23-01-2024T14:13:45 - [MESSAGE][PASSED] - Browser is opened with url: ''

23-01-2024T14:13:45 - [TEST_STEP][PASSED] - navigateToUrl("https://ui.cogmento.com/"): Navigate to 'https://ui.cogmento.com/' successfully

23-01-2024T14:13:49 - [MESSAGE][PASSED] - Navigate to 'https://ui.cogmento.com/' successfully

23-01-2024T14:13:49 - [TEST_STEP][PASSED] - setText(findTestObject("Page_Cogmento CRM/input_email"), "navyanalli9@gmail.com"): Text 'navyanalli9@gmail.com' is set on object 'Object Repository/Page_Cogmento CRM/input_email'

23-01-2024T14:13:50 - [MESSAGE][PASSED] - Text 'navyanalli9@gmail.com' is set on object 'Object Repository/Page_Cogmento CRM/input_email'

23-01-2024T14:13:50 - [TEST_STEP][PASSED] - setEncryptedText(findTestObject("Page_Cogmento CRM/input_password"), "0BlOmQhNRDkag8WfLKowCA=="): Text ****** has been set on object 'Object Repository/Page_Cogmento CRM/input_password'

23-01-2024T14:13:50 - [MESSAGE][PASSED] - Text ****** has been set on object 'Object Repository/Page_Cogmento CRM/input_password'

23-01-2024T14:13:50 - [TEST_STEP][PASSED] - click(findTestObject("Object Repository/Page_Cogmento CRM/div_Login")): Object: 'Object Repository/Page_Cogmento CRM/div_Login' is clicked on

23-01-2024T14:13:51 - [MESSAGE][PASSED] - Object: 'Object Repository/Page_Cogmento CRM/div_Login' is clicked on

23-01-2024T14:13:51 - [MESSAGE][PASSED] - Call Test Case 'Test Cases/Login/cogmento_login' successfully

23-01-2024T14:13:51 - [TEST_STEP][PASSED] - click(findTestObject("Page_Cogmento CRM/span_Companies")): Object: 'Object Repository/Page_Cogmento CRM/span_Companies' is clicked on

23-01-2024T14:13:55 - [MESSAGE][PASSED] - Object: 'Object Repository/Page_Cogmento CRM/span_Companies' is clicked on

23-01-2024T14:13:55 - [TEST_STEP][PASSED] - click(findTestObject("Page_Cogmento CRM/button_Create")): Object: 'Object Repository/Page_Cogmento CRM/button_Create' is clicked on

23-01-2024T14:13:56 - [MESSAGE][PASSED] - Object: 'Object Repository/Page_Cogmento CRM/button_Create' is clicked on

23-01-2024T14:13:56 - [TEST_STEP][PASSED] - name = RandomStringUtils.randomAlphabetic(251): null

23-01-2024T14:13:56 - [TEST_STEP][PASSED] - setText(findTestObject("Page_Cogmento CRM/input_name"), name): Text 'VJbkXqpuNnwLiwPDahwpRCmFZRbzNWBrQcwMcCXkkEBecRXHjevwHSrgTelzniszaTbInhXSWjsUMhETWuhamsCsUzWUzuZUXEaRCHHIwrmkBeaxWEcnHkufSaZibtSuMPbFdROalPZzdibPyQcXslUUcpzFuVIrtouyfghxLpTrlLcmPqKMdJRRAgfcChWasSFzZNFSDiPjOZJyhQZHwWzXEGuLwYEcajIqVtvitYDUuPcVaARfTrHuoHQ' is set on object 'Object Repository/Page_Cogmento CRM/input_name'

23-01-2024T14:14:01 - [MESSAGE][PASSED] - Text 'VJbkXqpuNnwLiwPDahwpRCmFZRbzNWBrQcwMcCXkkEBecRXHjevwHSrgTelzniszaTbInhXSWjsUMhETWuhamsCsUzWUzuZUXEaRCHHIwrmkBeaxWEcnHkufSaZibtSuMPbFdROalPZzdibPyQcXslUUcpzFuVIrtouyfghxLpTrlLcmPqKMdJRRAgfcChWasSFzZNFSDiPjOZJyhQZHwWzXEGuLwYEcajIqVtvitYDUuPcVaARfTrHuoHQ' is set on object 'Object Repository/Page_Cogmento CRM/input_name'

23-01-2024T14:14:01 - [TEST_STEP][PASSED] - click(findTestObject("Page_Cogmento CRM/button_Save")): Object: 'Object Repository/Page_Cogmento CRM/button_Save' is clicked on

23-01-2024T14:14:02 - [MESSAGE][PASSED] - Object: 'Object Repository/Page_Cogmento CRM/button_Save' is clicked on

23-01-2024T14:14:02 - [TEST_STEP][PASSED] - verifyElementText(findTestObject("Object Repository/Page_Cogmento CRM/p_Validation error Name is longer than 250 _51c07f"), "Validation error: Name is longer than 250 characters"): Actual text and expected text of test object 'Object Repository/Page_Cogmento CRM/p_Validation error Name is longer than 250 _51c07f' are matched.

23-01-2024T14:14:03 - [MESSAGE][PASSED] - Actual text and expected text of test object 'Object Repository/Page_Cogmento CRM/p_Validation error Name is longer than 250 _51c07f' are matched.

23-01-2024T14:14:03 - [TEST_STEP][PASSED] - closeBrowser(): Browser is closed

23-01-2024T14:14:03 - [MESSAGE][PASSED] - Browser is closed]]></system-out>
         <system-err><![CDATA[]]></system-err>
      </testcase>
      <testcase name="Test Cases/Company/company_with_max_length" time="50.024" classname="Test Cases/Company/company_with_max_length" status="PASSED">
         <system-out><![CDATA[23-01-2024T14:14:03 - [TEST_CASE][PASSED] - Test Cases/Company/company_with_max_length: Test Cases/Company/company_with_max_length

23-01-2024T14:14:03 - [TEST_STEP][PASSED] - callTestCase(findTestCase("Login/cogmento_login"), [:], STOP_ON_FAILURE): Call Test Case 'Test Cases/Login/cogmento_login' successfully

23-01-2024T14:14:03 - [TEST_CASE][PASSED] - Test Cases/Login/cogmento_login: Test Cases/Login/cogmento_login

23-01-2024T14:14:03 - [TEST_STEP][PASSED] - openBrowser(""): Browser is opened with url: ''

23-01-2024T14:14:03 - [MESSAGE][INFO] - Starting 'Chrome' driver

23-01-2024T14:14:03 - [MESSAGE][INFO] - Action delay is set to 0 milliseconds

23-01-2024T14:14:04 - [MESSAGE][PASSED] - Browser is opened with url: ''

23-01-2024T14:14:04 - [TEST_STEP][PASSED] - navigateToUrl("https://ui.cogmento.com/"): Navigate to 'https://ui.cogmento.com/' successfully

23-01-2024T14:14:08 - [MESSAGE][PASSED] - Navigate to 'https://ui.cogmento.com/' successfully

23-01-2024T14:14:08 - [TEST_STEP][PASSED] - setText(findTestObject("Page_Cogmento CRM/input_email"), "navyanalli9@gmail.com"): Text 'navyanalli9@gmail.com' is set on object 'Object Repository/Page_Cogmento CRM/input_email'

23-01-2024T14:14:09 - [MESSAGE][PASSED] - Text 'navyanalli9@gmail.com' is set on object 'Object Repository/Page_Cogmento CRM/input_email'

23-01-2024T14:14:09 - [TEST_STEP][PASSED] - setEncryptedText(findTestObject("Page_Cogmento CRM/input_password"), "0BlOmQhNRDkag8WfLKowCA=="): Text ****** has been set on object 'Object Repository/Page_Cogmento CRM/input_password'

23-01-2024T14:14:09 - [MESSAGE][PASSED] - Text ****** has been set on object 'Object Repository/Page_Cogmento CRM/input_password'

23-01-2024T14:14:09 - [TEST_STEP][PASSED] - click(findTestObject("Object Repository/Page_Cogmento CRM/div_Login")): Object: 'Object Repository/Page_Cogmento CRM/div_Login' is clicked on

23-01-2024T14:14:09 - [MESSAGE][PASSED] - Object: 'Object Repository/Page_Cogmento CRM/div_Login' is clicked on

23-01-2024T14:14:09 - [MESSAGE][PASSED] - Call Test Case 'Test Cases/Login/cogmento_login' successfully

23-01-2024T14:14:09 - [TEST_STEP][PASSED] - click(findTestObject("Page_Cogmento CRM/span_Companies")): Object: 'Object Repository/Page_Cogmento CRM/span_Companies' is clicked on

23-01-2024T14:14:13 - [MESSAGE][PASSED] - Object: 'Object Repository/Page_Cogmento CRM/span_Companies' is clicked on

23-01-2024T14:14:13 - [TEST_STEP][PASSED] - click(findTestObject("Page_Cogmento CRM/button_Create")): Object: 'Object Repository/Page_Cogmento CRM/button_Create' is clicked on

23-01-2024T14:14:14 - [MESSAGE][PASSED] - Object: 'Object Repository/Page_Cogmento CRM/button_Create' is clicked on

23-01-2024T14:14:14 - [TEST_STEP][PASSED] - name = RandomStringUtils.randomAlphabetic(250): null

23-01-2024T14:14:14 - [TEST_STEP][PASSED] - setText(findTestObject("Object Repository/Page_Cogmento CRM/input_name"), name): Text 'WzFcIPzaPpzoSQHMDOblReETShFiTPpgTkqeRPKTkgOuOMcIVpClCRRzGfXtQtXRZIlLomzvPCEGavLSlNXquqrBROhaqZcUuyWiqeunsFqoaGEyltfvPHPtuDlgbJhKkvHplRIYpMbmKyZmMrBpNcKJoOWvpMctoIHWEwGdzgCsFKGygdoaAttKMkeJdIbKxTTIQsOGLefpJTETHMysSyjpTLwpFaKMRNpxakZMXqTfqgwhUocarxQIJD' is set on object 'Object Repository/Page_Cogmento CRM/input_name'

23-01-2024T14:14:20 - [MESSAGE][PASSED] - Text 'WzFcIPzaPpzoSQHMDOblReETShFiTPpgTkqeRPKTkgOuOMcIVpClCRRzGfXtQtXRZIlLomzvPCEGavLSlNXquqrBROhaqZcUuyWiqeunsFqoaGEyltfvPHPtuDlgbJhKkvHplRIYpMbmKyZmMrBpNcKJoOWvpMctoIHWEwGdzgCsFKGygdoaAttKMkeJdIbKxTTIQsOGLefpJTETHMysSyjpTLwpFaKMRNpxakZMXqTfqgwhUocarxQIJD' is set on object 'Object Repository/Page_Cogmento CRM/input_name'

23-01-2024T14:14:20 - [TEST_STEP][PASSED] - click(findTestObject("Page_Cogmento CRM/button_Save")): Object: 'Object Repository/Page_Cogmento CRM/button_Save' is clicked on

23-01-2024T14:14:20 - [MESSAGE][PASSED] - Object: 'Object Repository/Page_Cogmento CRM/button_Save' is clicked on

23-01-2024T14:14:20 - [TEST_STEP][PASSED] - click(findTestObject("Page_Cogmento CRM/span_Companies")): Object: 'Object Repository/Page_Cogmento CRM/span_Companies' is clicked on

23-01-2024T14:14:21 - [MESSAGE][PASSED] - Object: 'Object Repository/Page_Cogmento CRM/span_Companies' is clicked on

23-01-2024T14:14:21 - [TEST_STEP][PASSED] - verifyElementText(findTestObject("Page_Cogmento CRM/record_verify"), name): Actual text and expected text of test object 'Object Repository/Page_Cogmento CRM/record_verify' are matched.

23-01-2024T14:14:52 - [MESSAGE][INFO] - Unable to find the element located by 'By.xpath: tbody tr:nth-child(1) td:nth-child(2) a:nth-child(1)'. Please recheck the objects properties to make sure the desired element is located. 

23-01-2024T14:14:52 - [MESSAGE][WARNING] - [SELF-HEALING] Failed to find element with id 'Object Repository/Page_Cogmento CRM/record_verify'. Try using Self-healing.

23-01-2024T14:14:52 - [MESSAGE][INFO] - [SELF-HEALING] Working Locator: '/html[1]/body[1]/div[1]/div[1]/div[2]/div[2]/div[1]/div[2]/div[1]/table[1]/tbody[1]/tr[1]/td[2]/a[1]'.

23-01-2024T14:14:53 - [MESSAGE][INFO] - [SELF-HEALING] Screenshot: C:/Users/Vignesh/git/katalontest/Reports/Self-healing/Object Repository/Page_Cogmento CRM/record_verify_Absolute.png

23-01-2024T14:14:53 - [MESSAGE][WARNING] - [SELF-HEALING] The current locator of test object 'Object Repository/Page_Cogmento CRM/record_verify' was broken. Propose an alternative one: '/html[1]/body[1]/div[1]/div[1]/div[2]/div[2]/div[1]/div[2]/div[1]/table[1]/tbody[1]/tr[1]/td[2]/a[1]'.

23-01-2024T14:14:53 - [MESSAGE][PASSED] - Actual text and expected text of test object 'Object Repository/Page_Cogmento CRM/record_verify' are matched.

23-01-2024T14:14:53 - [TEST_STEP][PASSED] - closeBrowser(): Browser is closed

23-01-2024T14:14:53 - [MESSAGE][PASSED] - Browser is closed]]></system-out>
         <system-err><![CDATA[]]></system-err>
      </testcase>
      <testcase name="Test Cases/Company/create_company" time="46.054" classname="Test Cases/Company/create_company" status="PASSED">
         <system-out><![CDATA[23-01-2024T14:14:53 - [TEST_CASE][PASSED] - Test Cases/Company/create_company: Test Cases/Company/create_company

23-01-2024T14:14:53 - [TEST_STEP][PASSED] - callTestCase(findTestCase("Login/cogmento_login"), [:], STOP_ON_FAILURE): Call Test Case 'Test Cases/Login/cogmento_login' successfully

23-01-2024T14:14:53 - [TEST_CASE][PASSED] - Test Cases/Login/cogmento_login: Test Cases/Login/cogmento_login

23-01-2024T14:14:53 - [TEST_STEP][PASSED] - openBrowser(""): Browser is opened with url: ''

23-01-2024T14:14:53 - [MESSAGE][INFO] - Starting 'Chrome' driver

23-01-2024T14:14:53 - [MESSAGE][INFO] - Action delay is set to 0 milliseconds

23-01-2024T14:14:54 - [MESSAGE][PASSED] - Browser is opened with url: ''

23-01-2024T14:14:54 - [TEST_STEP][PASSED] - navigateToUrl("https://ui.cogmento.com/"): Navigate to 'https://ui.cogmento.com/' successfully

23-01-2024T14:14:57 - [MESSAGE][PASSED] - Navigate to 'https://ui.cogmento.com/' successfully

23-01-2024T14:14:57 - [TEST_STEP][PASSED] - setText(findTestObject("Page_Cogmento CRM/input_email"), "navyanalli9@gmail.com"): Text 'navyanalli9@gmail.com' is set on object 'Object Repository/Page_Cogmento CRM/input_email'

23-01-2024T14:14:58 - [MESSAGE][PASSED] - Text 'navyanalli9@gmail.com' is set on object 'Object Repository/Page_Cogmento CRM/input_email'

23-01-2024T14:14:58 - [TEST_STEP][PASSED] - setEncryptedText(findTestObject("Page_Cogmento CRM/input_password"), "0BlOmQhNRDkag8WfLKowCA=="): Text ****** has been set on object 'Object Repository/Page_Cogmento CRM/input_password'

23-01-2024T14:14:59 - [MESSAGE][PASSED] - Text ****** has been set on object 'Object Repository/Page_Cogmento CRM/input_password'

23-01-2024T14:14:59 - [TEST_STEP][PASSED] - click(findTestObject("Object Repository/Page_Cogmento CRM/div_Login")): Object: 'Object Repository/Page_Cogmento CRM/div_Login' is clicked on

23-01-2024T14:14:59 - [MESSAGE][PASSED] - Object: 'Object Repository/Page_Cogmento CRM/div_Login' is clicked on

23-01-2024T14:14:59 - [MESSAGE][PASSED] - Call Test Case 'Test Cases/Login/cogmento_login' successfully

23-01-2024T14:14:59 - [TEST_STEP][PASSED] - click(findTestObject("Page_Cogmento CRM/span_Companies")): Object: 'Object Repository/Page_Cogmento CRM/span_Companies' is clicked on

23-01-2024T14:15:03 - [MESSAGE][PASSED] - Object: 'Object Repository/Page_Cogmento CRM/span_Companies' is clicked on

23-01-2024T14:15:03 - [TEST_STEP][PASSED] - click(findTestObject("Page_Cogmento CRM/button_Create")): Object: 'Object Repository/Page_Cogmento CRM/button_Create' is clicked on

23-01-2024T14:15:04 - [MESSAGE][PASSED] - Object: 'Object Repository/Page_Cogmento CRM/button_Create' is clicked on

23-01-2024T14:15:04 - [TEST_STEP][PASSED] - setText(findTestObject("Object Repository/Page_Cogmento CRM/input_name"), name): Text 'Mugiwara' is set on object 'Object Repository/Page_Cogmento CRM/input_name'

23-01-2024T14:15:05 - [MESSAGE][PASSED] - Text 'Mugiwara' is set on object 'Object Repository/Page_Cogmento CRM/input_name'

23-01-2024T14:15:05 - [TEST_STEP][PASSED] - click(findTestObject("Page_Cogmento CRM/button_Save")): Object: 'Object Repository/Page_Cogmento CRM/button_Save' is clicked on

23-01-2024T14:15:06 - [MESSAGE][PASSED] - Object: 'Object Repository/Page_Cogmento CRM/button_Save' is clicked on

23-01-2024T14:15:06 - [TEST_STEP][PASSED] - click(findTestObject("Page_Cogmento CRM/span_Companies")): Object: 'Object Repository/Page_Cogmento CRM/span_Companies' is clicked on

23-01-2024T14:15:07 - [MESSAGE][PASSED] - Object: 'Object Repository/Page_Cogmento CRM/span_Companies' is clicked on

23-01-2024T14:15:07 - [TEST_STEP][PASSED] - verifyElementText(findTestObject("Page_Cogmento CRM/record_verify"), name): Actual text and expected text of test object 'Object Repository/Page_Cogmento CRM/record_verify' are matched.

23-01-2024T14:15:39 - [MESSAGE][INFO] - Unable to find the element located by 'By.xpath: tbody tr:nth-child(1) td:nth-child(2) a:nth-child(1)'. Please recheck the objects properties to make sure the desired element is located. 

23-01-2024T14:15:39 - [MESSAGE][WARNING] - [SELF-HEALING] Failed to find element with id 'Object Repository/Page_Cogmento CRM/record_verify'. Try using Self-healing.

23-01-2024T14:15:39 - [MESSAGE][WARNING] - [SELF-HEALING] The current locator of test object 'Object Repository/Page_Cogmento CRM/record_verify' was broken. Propose an alternative one: '/html[1]/body[1]/div[1]/div[1]/div[2]/div[2]/div[1]/div[2]/div[1]/table[1]/tbody[1]/tr[1]/td[2]/a[1]'.

23-01-2024T14:15:39 - [MESSAGE][PASSED] - Actual text and expected text of test object 'Object Repository/Page_Cogmento CRM/record_verify' are matched.

23-01-2024T14:15:39 - [TEST_STEP][PASSED] - closeBrowser(): Browser is closed

23-01-2024T14:15:39 - [MESSAGE][PASSED] - Browser is closed]]></system-out>
         <system-err><![CDATA[]]></system-err>
      </testcase>
      <testcase name="Test Cases/Company/create_company_without_mandatory_fields" time="12.405" classname="Test Cases/Company/create_company_without_mandatory_fields" status="PASSED">
         <system-out><![CDATA[23-01-2024T14:15:39 - [TEST_CASE][PASSED] - Test Cases/Company/create_company_without_mandatory_fields: Test Cases/Company/create_company_without_mandatory_fields

23-01-2024T14:15:39 - [TEST_STEP][PASSED] - callTestCase(findTestCase("Login/cogmento_login"), [:], STOP_ON_FAILURE): Call Test Case 'Test Cases/Login/cogmento_login' successfully

23-01-2024T14:15:39 - [TEST_CASE][PASSED] - Test Cases/Login/cogmento_login: Test Cases/Login/cogmento_login

23-01-2024T14:15:39 - [TEST_STEP][PASSED] - openBrowser(""): Browser is opened with url: ''

23-01-2024T14:15:39 - [MESSAGE][INFO] - Starting 'Chrome' driver

23-01-2024T14:15:39 - [MESSAGE][INFO] - Action delay is set to 0 milliseconds

23-01-2024T14:15:40 - [MESSAGE][PASSED] - Browser is opened with url: ''

23-01-2024T14:15:40 - [TEST_STEP][PASSED] - navigateToUrl("https://ui.cogmento.com/"): Navigate to 'https://ui.cogmento.com/' successfully

23-01-2024T14:15:44 - [MESSAGE][PASSED] - Navigate to 'https://ui.cogmento.com/' successfully

23-01-2024T14:15:44 - [TEST_STEP][PASSED] - setText(findTestObject("Page_Cogmento CRM/input_email"), "navyanalli9@gmail.com"): Text 'navyanalli9@gmail.com' is set on object 'Object Repository/Page_Cogmento CRM/input_email'

23-01-2024T14:15:44 - [MESSAGE][PASSED] - Text 'navyanalli9@gmail.com' is set on object 'Object Repository/Page_Cogmento CRM/input_email'

23-01-2024T14:15:44 - [TEST_STEP][PASSED] - setEncryptedText(findTestObject("Page_Cogmento CRM/input_password"), "0BlOmQhNRDkag8WfLKowCA=="): Text ****** has been set on object 'Object Repository/Page_Cogmento CRM/input_password'

23-01-2024T14:15:45 - [MESSAGE][PASSED] - Text ****** has been set on object 'Object Repository/Page_Cogmento CRM/input_password'

23-01-2024T14:15:45 - [TEST_STEP][PASSED] - click(findTestObject("Object Repository/Page_Cogmento CRM/div_Login")): Object: 'Object Repository/Page_Cogmento CRM/div_Login' is clicked on

23-01-2024T14:15:45 - [MESSAGE][PASSED] - Object: 'Object Repository/Page_Cogmento CRM/div_Login' is clicked on

23-01-2024T14:15:45 - [MESSAGE][PASSED] - Call Test Case 'Test Cases/Login/cogmento_login' successfully

23-01-2024T14:15:45 - [TEST_STEP][PASSED] - click(findTestObject("Page_Cogmento CRM/span_Companies")): Object: 'Object Repository/Page_Cogmento CRM/span_Companies' is clicked on

23-01-2024T14:15:49 - [MESSAGE][PASSED] - Object: 'Object Repository/Page_Cogmento CRM/span_Companies' is clicked on

23-01-2024T14:15:49 - [TEST_STEP][PASSED] - click(findTestObject("Page_Cogmento CRM/button_Create")): Object: 'Object Repository/Page_Cogmento CRM/button_Create' is clicked on

23-01-2024T14:15:50 - [MESSAGE][PASSED] - Object: 'Object Repository/Page_Cogmento CRM/button_Create' is clicked on

23-01-2024T14:15:50 - [TEST_STEP][PASSED] - click(findTestObject("Page_Cogmento CRM/button_Save")): Object: 'Object Repository/Page_Cogmento CRM/button_Save' is clicked on

23-01-2024T14:15:51 - [MESSAGE][PASSED] - Object: 'Object Repository/Page_Cogmento CRM/button_Save' is clicked on

23-01-2024T14:15:51 - [TEST_STEP][PASSED] - verifyElementPresent(findTestObject("Object Repository/Page_Cogmento CRM/span_The field CompanyName is required"), 0): Object 'Object Repository/Page_Cogmento CRM/span_The field CompanyName is required' is present

23-01-2024T14:15:51 - [MESSAGE][WARNING] - Timeout '0' is invalid. Using default page load timeout: '30'

23-01-2024T14:15:51 - [MESSAGE][PASSED] - Object 'Object Repository/Page_Cogmento CRM/span_The field CompanyName is required' is present

23-01-2024T14:15:51 - [TEST_STEP][PASSED] - closeBrowser(): Browser is closed

23-01-2024T14:15:52 - [MESSAGE][PASSED] - Browser is closed]]></system-out>
         <system-err><![CDATA[]]></system-err>
      </testcase>
      <system-out><![CDATA[23-01-2024T14:13:41 - [TEST_SUITE][PASSED] - CogmentoCompany: Test Cases/Company/create_company_without_mandatory_fields]]></system-out>
      <system-err><![CDATA[]]></system-err>
   </testsuite>
</testsuites>
